<?xml version="1.0" encoding="UTF-8"?>
<testng-results skipped="0" failed="0" total="2" passed="2">
  <reporter-output>
  </reporter-output>
  <suite name="Default suite" duration-ms="51" started-at="2015-06-06T00:01:10Z" finished-at="2015-06-06T00:01:10Z">
    <groups>
    </groups>
    <test name="Default test" duration-ms="51" started-at="2015-06-06T00:01:10Z" finished-at="2015-06-06T00:01:10Z">
      <class name="stringProblem_test.RemoveCharFromString_TestNG">
        <test-method status="PASS" signature="removeChar()[pri:0, instance:stringProblem_test.RemoveCharFromString_TestNG@3d9750]" name="removeChar" duration-ms="26" started-at="2015-06-05T17:01:10Z" finished-at="2015-06-05T17:01:10Z">
          <reporter-output>
          </reporter-output>
        </test-method> <!-- removeChar -->
        <test-method status="PASS" signature="removeCharOneLine()[pri:0, instance:stringProblem_test.RemoveCharFromString_TestNG@3d9750]" name="removeCharOneLine" duration-ms="1" started-at="2015-06-05T17:01:10Z" finished-at="2015-06-05T17:01:10Z">
          <reporter-output>
          </reporter-output>
        </test-method> <!-- removeCharOneLine -->
      </class> <!-- stringProblem_test.RemoveCharFromString_TestNG -->
    </test> <!-- Default test -->
  </suite> <!-- Default suite -->
</testng-results>
